f:\tensorrt\track\mcfairmot\mcfairmot\x64\release\vc142.pdb
f:\tensorrt\track\mcfairmot\mcfairmot\x64\release\utils.obj
f:\tensorrt\track\mcfairmot\mcfairmot\x64\release\tracker.obj
f:\tensorrt\track\mcfairmot\mcfairmot\x64\release\strack.obj
f:\tensorrt\track\mcfairmot\mcfairmot\x64\release\matching.obj
f:\tensorrt\track\mcfairmot\mcfairmot\x64\release\kalmanfilter.obj
f:\tensorrt\track\mcfairmot\mcfairmot\x64\release\hungarian.obj
f:\tensorrt\track\mcfairmot\mcfairmot\x64\release\main.obj
f:\tensorrt\track\mcfairmot\mcfairmot\x64\release\detection.obj
f:\tensorrt\track\mcfairmot\mcfairmot\x64\release\ctracker.obj
f:\tensorrt\track\mcfairmot\mcfairmot\x64\release\cstrack.obj
f:\tensorrt\track\mcfairmot\mcfairmot\x64\release\nmatching.obj
f:\tensorrt\track\mcfairmot\mcfairmot\x64\release\ckalmanfilter.obj
f:\tensorrt\track\mcfairmot\mcfairmot\x64\release\chungarian.obj
f:\tensorrt\track\mcfairmot\mcfairmot\x64\release\cdetection.obj
f:\tensorrt\track\mcfairmot\mcfairmot\x64\release\jdetracker.obj
f:\tensorrt\track\mcfairmot\bin\mcfairmot.exe
f:\tensorrt\track\mcfairmot\mcfairmot\x64\release\mcfairmot.ipdb
f:\tensorrt\track\mcfairmot\mcfairmot\x64\release\mcfairmot.iobj
f:\tensorrt\track\mcfairmot\bin\mcfairmot.pdb
f:\tensorrt\track\mcfairmot\mcfairmot\x64\release\mcfairmot.tlog\cl.command.1.tlog
f:\tensorrt\track\mcfairmot\mcfairmot\x64\release\mcfairmot.tlog\cl.read.1.tlog
f:\tensorrt\track\mcfairmot\mcfairmot\x64\release\mcfairmot.tlog\cl.write.1.tlog
f:\tensorrt\track\mcfairmot\mcfairmot\x64\release\mcfairmot.tlog\link.command.1.tlog
f:\tensorrt\track\mcfairmot\mcfairmot\x64\release\mcfairmot.tlog\link.read.1.tlog
f:\tensorrt\track\mcfairmot\mcfairmot\x64\release\mcfairmot.tlog\link.write.1.tlog
