D:\Install\VS2019\MSBuild\Microsoft\VC\v160\Microsoft.CppBuild.targets(499,5): warning MSB8004: Output 目录未以斜杠结尾。  此生成实例将添加斜杠，因为必须有这个斜杠才能正确计算 Output 目录。
  main.cpp
F:\Tensorrt\Track\MCFairMot\TensorRT-7.2.3.4\include\NvInfer.h(1784,1): warning C4819: 该文件包含不能在当前代码页(936)中表示的字符。请将该文件保存为 Unicode 格式以防止数据丢失
F:\Tensorrt\Track\MCFairMot\TensorRT-7.2.3.4\include\NvInfer.h(4337,1): warning C4819: 该文件包含不能在当前代码页(936)中表示的字符。请将该文件保存为 Unicode 格式以防止数据丢失
F:\Tensorrt\Track\MCFairMot\cuda10.2\include\cuda_runtime_api.h(9349,1): warning C4819: 该文件包含不能在当前代码页(936)中表示的字符。请将该文件保存为 Unicode 格式以防止数据丢失
F:\Tensorrt\Track\MCFairMot\cuda10.2\include\cuda_runtime_api.h(9349,1): warning C4819: 该文件包含不能在当前代码页(936)中表示的字符。请将该文件保存为 Unicode 格式以防止数据丢失
F:\Tensorrt\Track\MCFairMot\cuda10.2\include\cuda_runtime_api.h(9349,1): warning C4819: 该文件包含不能在当前代码页(936)中表示的字符。请将该文件保存为 Unicode 格式以防止数据丢失
F:\Tensorrt\Track\MCFairMot\cuda10.2\include\cuda_runtime_api.h(9349,1): warning C4819: 该文件包含不能在当前代码页(936)中表示的字符。请将该文件保存为 Unicode 格式以防止数据丢失
F:\Tensorrt\Track\MCFairMot\MCFairMot\main.cpp(29,52): warning C4244: “参数”: 从“_Tp”转换到“_Tp”，可能丢失数据
          with
          [
              _Tp=float
          ]
          and
          [
              _Tp=int
          ]
F:\Tensorrt\Track\MCFairMot\MCFairMot\main.cpp(29,35): warning C4244: “参数”: 从“_Tp”转换到“_Tp”，可能丢失数据
          with
          [
              _Tp=float
          ]
          and
          [
              _Tp=int
          ]
F:\Tensorrt\Track\MCFairMot\MCFairMot\main.cpp(56,1): warning C4326: “main”的返回类型应为“int”而非“void”
  正在生成代码
  2 of 6432 functions (<0.1%) were compiled, the rest were copied from previous compilation.
    0 functions were new in current compilation
    231 functions had inline decision re-evaluated but remain unchanged
  已完成代码的生成
  MCFairMot.vcxproj -> F:\Tensorrt\Track\MCFairMot\bin\MCFairMot.exe
